# JRE version: OpenJDK Runtime Environment (8.0_242-b01) (build 1.8.0_242-release-1644-b01)
# Java VM: OpenJDK 64-Bit Server VM (25.242-b01 mixed mode windows-amd64 compressed oops)
Heap:
 PSYoungGen      total 401920K, used 112573K [0x00000000d5580000, 0x00000000f6300000, 0x0000000100000000)
  eden space 309760K, 19% used [0x00000000d5580000,0x00000000d91edf08,0x00000000e8400000)
  from space 92160K, 55% used [0x00000000e8400000,0x00000000eb581560,0x00000000ede00000)
  to   space 100864K, 0% used [0x00000000f0080000,0x00000000f0080000,0x00000000f6300000)
 ParOldGen       total 326656K, used 153132K [0x0000000080000000, 0x0000000093f00000, 0x00000000d5580000)
  object space 326656K, 46% used [0x0000000080000000,0x000000008958b0d8,0x0000000093f00000)
 Metaspace       used 119057K, capacity 128262K, committed 128600K, reserved 1161216K
  class space    used 15319K, capacity 16939K, committed 17024K, reserved 1048576K
GC Heap History (10 events):
Event: 9073.221 GC heap before
{Heap before GC invocations=35 (full 4):
 PSYoungGen      total 347136K, used 325775K [0x00000000d5580000, 0x00000000ef800000, 0x0000000100000000)
  eden space 281088K, 100% used [0x00000000d5580000,0x00000000e6800000,0x00000000e6800000)
  from space 66048K, 67% used [0x00000000eb780000,0x00000000ee323cd8,0x00000000ef800000)
  to   space 73728K, 0% used [0x00000000e6800000,0x00000000e6800000,0x00000000eb000000)
 ParOldGen       total 326656K, used 135831K [0x0000000080000000, 0x0000000093f00000, 0x00000000d5580000)
  object space 326656K, 41% used [0x0000000080000000,0x00000000884a5f60,0x0000000093f00000)
 Metaspace       used 118386K, capacity 127454K, committed 127704K, reserved 1161216K
  class space    used 15293K, capacity 16893K, committed 16896K, reserved 1048576K
Event: 9073.279 GC heap after
Heap after GC invocations=35 (full 4):
 PSYoungGen      total 354816K, used 73727K [0x00000000d5580000, 0x00000000f3680000, 0x0000000100000000)
  eden space 281088K, 0% used [0x00000000d5580000,0x00000000d5580000,0x00000000e6800000)
  from space 73728K, 99% used [0x00000000e6800000,0x00000000eafffcc0,0x00000000eb000000)
  to   space 88576K, 0% used [0x00000000ee000000,0x00000000ee000000,0x00000000f3680000)
 ParOldGen       total 326656K, used 148281K [0x0000000080000000, 0x0000000093f00000, 0x00000000d5580000)
  object space 326656K, 45% used [0x0000000080000000,0x00000000890ce570,0x0000000093f00000)
 Metaspace       used 118386K, capacity 127454K, committed 127704K, reserved 1161216K
  class space    used 15293K, capacity 16893K, committed 16896K, reserved 1048576K
}
Event: 9281.145 GC heap before
{Heap before GC invocations=36 (full 4):
 PSYoungGen      total 354816K, used 354815K [0x00000000d5580000, 0x00000000f3680000, 0x0000000100000000)
  eden space 281088K, 100% used [0x00000000d5580000,0x00000000e6800000,0x00000000e6800000)
  from space 73728K, 99% used [0x00000000e6800000,0x00000000eafffcc0,0x00000000eb000000)
  to   space 88576K, 0% used [0x00000000ee000000,0x00000000ee000000,0x00000000f3680000)
 ParOldGen       total 326656K, used 148281K [0x0000000080000000, 0x0000000093f00000, 0x00000000d5580000)
  object space 326656K, 45% used [0x0000000080000000,0x00000000890ce570,0x0000000093f00000)
 Metaspace       used 118616K, capacity 127822K, committed 128088K, reserved 1161216K
  class space    used 15314K, capacity 16933K, committed 17024K, reserved 1048576K
Event: 9281.184 GC heap after
Heap after GC invocations=36 (full 4):
 PSYoungGen      total 398336K, used 62085K [0x00000000d5580000, 0x00000000f3800000, 0x0000000100000000)
  eden space 309760K, 0% used [0x00000000d5580000,0x00000000d5580000,0x00000000e8400000)
  from space 88576K, 70% used [0x00000000ee000000,0x00000000f1ca1518,0x00000000f3680000)
  to   space 92160K, 0% used [0x00000000e8400000,0x00000000e8400000,0x00000000ede00000)
 ParOldGen       total 326656K, used 149062K [0x0000000080000000, 0x0000000093f00000, 0x00000000d5580000)
  object space 326656K, 45% used [0x0000000080000000,0x0000000089191b68,0x0000000093f00000)
 Metaspace       used 118616K, capacity 127822K, committed 128088K, reserved 1161216K
  class space    used 15314K, capacity 16933K, committed 17024K, reserved 1048576K
}
Event: 9283.774 GC heap before
{Heap before GC invocations=37 (full 4):
 PSYoungGen      total 398336K, used 371845K [0x00000000d5580000, 0x00000000f3800000, 0x0000000100000000)
  eden space 309760K, 100% used [0x00000000d5580000,0x00000000e8400000,0x00000000e8400000)
  from space 88576K, 70% used [0x00000000ee000000,0x00000000f1ca1518,0x00000000f3680000)
  to   space 92160K, 0% used [0x00000000e8400000,0x00000000e8400000,0x00000000ede00000)
 ParOldGen       total 326656K, used 149062K [0x0000000080000000, 0x0000000093f00000, 0x00000000d5580000)
  object space 326656K, 45% used [0x0000000080000000,0x0000000089191b68,0x0000000093f00000)
 Metaspace       used 118795K, capacity 127894K, committed 128088K, reserved 1161216K
  class space    used 15314K, capacity 16933K, committed 17024K, reserved 1048576K
Event: 9283.886 GC heap after
Heap after GC invocations=37 (full 4):
 PSYoungGen      total 401920K, used 92155K [0x00000000d5580000, 0x00000000f3800000, 0x0000000100000000)
  eden space 309760K, 0% used [0x00000000d5580000,0x00000000d5580000,0x00000000e8400000)
  from space 92160K, 99% used [0x00000000e8400000,0x00000000eddfeef8,0x00000000ede00000)
  to   space 88576K, 0% used [0x00000000ee000000,0x00000000ee000000,0x00000000f3680000)
 ParOldGen       total 326656K, used 152698K [0x0000000080000000, 0x0000000093f00000, 0x00000000d5580000)
  object space 326656K, 46% used [0x0000000080000000,0x000000008951e858,0x0000000093f00000)
 Metaspace       used 118795K, capacity 127894K, committed 128088K, reserved 1161216K
  class space    used 15314K, capacity 16933K, committed 17024K, reserved 1048576K
}
Event: 9391.925 GC heap before
{Heap before GC invocations=38 (full 4):
 PSYoungGen      total 401920K, used 401915K [0x00000000d5580000, 0x00000000f3800000, 0x0000000100000000)
  eden space 309760K, 100% used [0x00000000d5580000,0x00000000e8400000,0x00000000e8400000)
  from space 92160K, 99% used [0x00000000e8400000,0x00000000eddfeef8,0x00000000ede00000)
  to   space 88576K, 0% used [0x00000000ee000000,0x00000000ee000000,0x00000000f3680000)
 ParOldGen       total 326656K, used 152698K [0x0000000080000000, 0x0000000093f00000, 0x00000000d5580000)
  object space 326656K, 46% used [0x0000000080000000,0x000000008951e858,0x0000000093f00000)
 Metaspace       used 118920K, capacity 128058K, committed 128344K, reserved 1161216K
  class space    used 15318K, capacity 16939K, committed 17024K, reserved 1048576K
Event: 9391.966 GC heap after
Heap after GC invocations=38 (full 4):
 PSYoungGen      total 398336K, used 61671K [0x00000000d5580000, 0x00000000f3800000, 0x0000000100000000)
  eden space 309760K, 0% used [0x00000000d5580000,0x00000000d5580000,0x00000000e8400000)
  from space 88576K, 69% used [0x00000000ee000000,0x00000000f1c39c38,0x00000000f3680000)
  to   space 92160K, 0% used [0x00000000e8400000,0x00000000e8400000,0x00000000ede00000)
 ParOldGen       total 326656K, used 153124K [0x0000000080000000, 0x0000000093f00000, 0x00000000d5580000)
  object space 326656K, 46% used [0x0000000080000000,0x00000000895890d8,0x0000000093f00000)
 Metaspace       used 118920K, capacity 128058K, committed 128344K, reserved 1161216K
  class space    used 15318K, capacity 16939K, committed 17024K, reserved 1048576K
}
Event: 9557.012 GC heap before
{Heap before GC invocations=39 (full 4):
 PSYoungGen      total 398336K, used 371431K [0x00000000d5580000, 0x00000000f3800000, 0x0000000100000000)
  eden space 309760K, 100% used [0x00000000d5580000,0x00000000e8400000,0x00000000e8400000)
  from space 88576K, 69% used [0x00000000ee000000,0x00000000f1c39c38,0x00000000f3680000)
  to   space 92160K, 0% used [0x00000000e8400000,0x00000000e8400000,0x00000000ede00000)
 ParOldGen       total 326656K, used 153124K [0x0000000080000000, 0x0000000093f00000, 0x00000000d5580000)
  object space 326656K, 46% used [0x0000000080000000,0x00000000895890d8,0x0000000093f00000)
 Metaspace       used 119041K, capacity 128198K, committed 128344K, reserved 1161216K
  class space    used 15318K, capacity 16939K, committed 17024K, reserved 1048576K
Event: 9557.052 GC heap after
Heap after GC invocations=39 (full 4):
 PSYoungGen      total 401920K, used 50693K [0x00000000d5580000, 0x00000000f6300000, 0x0000000100000000)
  eden space 309760K, 0% used [0x00000000d5580000,0x00000000d5580000,0x00000000e8400000)
  from space 92160K, 55% used [0x00000000e8400000,0x00000000eb581560,0x00000000ede00000)
  to   space 100864K, 0% used [0x00000000f0080000,0x00000000f0080000,0x00000000f6300000)
 ParOldGen       total 326656K, used 153132K [0x0000000080000000, 0x0000000093f00000, 0x00000000d5580000)
  object space 326656K, 46% used [0x0000000080000000,0x000000008958b0d8,0x0000000093f00000)
 Metaspace       used 119041K, capacity 128198K, committed 128344K, reserved 1161216K
  class space    used 15318K, capacity 16939K, committed 17024K, reserved 1048576K
}

