# JRE version: OpenJDK Runtime Environment (8.0_242-b01) (build 1.8.0_242-release-1644-b01)
# Java VM: OpenJDK 64-Bit Server VM (25.242-b01 mixed mode windows-amd64 compressed oops)
Heap:
 PSYoungGen      total 173056K, used 14241K [0x00000000d5580000, 0x00000000e1e00000, 0x0000000100000000)
  eden space 161792K, 1% used [0x00000000d5580000,0x00000000d586c640,0x00000000df380000)
  from space 11264K, 99% used [0x00000000e0800000,0x00000000e12fc040,0x00000000e1300000)
  to   space 8192K, 0% used [0x00000000e1600000,0x00000000e1600000,0x00000000e1e00000)
 ParOldGen       total 137216K, used 27771K [0x0000000080000000, 0x0000000088600000, 0x00000000d5580000)
  object space 137216K, 20% used [0x0000000080000000,0x0000000081b1ec58,0x0000000088600000)
 Metaspace       used 53399K, capacity 55616K, committed 55768K, reserved 1097728K
  class space    used 7219K, capacity 7656K, committed 7680K, reserved 1048576K
GC Heap History (10 events):
Event: 3.547 GC heap after
Heap after GC invocations=6 (full 1):
 PSYoungGen      total 75776K, used 8337K [0x00000000d5580000, 0x00000000dd880000, 0x0000000100000000)
  eden space 65024K, 0% used [0x00000000d5580000,0x00000000d5580000,0x00000000d9500000)
  from space 10752K, 77% used [0x00000000d9500000,0x00000000d9d24560,0x00000000d9f80000)
  to   space 12288K, 0% used [0x00000000dcc80000,0x00000000dcc80000,0x00000000dd880000)
 ParOldGen       total 91648K, used 7330K [0x0000000080000000, 0x0000000085980000, 0x00000000d5580000)
  object space 91648K, 7% used [0x0000000080000000,0x0000000080728910,0x0000000085980000)
 Metaspace       used 28511K, capacity 29386K, committed 29568K, reserved 1075200K
  class space    used 3943K, capacity 4191K, committed 4224K, reserved 1048576K
}
Event: 4.157 GC heap before
{Heap before GC invocations=7 (full 1):
 PSYoungGen      total 75776K, used 73361K [0x00000000d5580000, 0x00000000dd880000, 0x0000000100000000)
  eden space 65024K, 100% used [0x00000000d5580000,0x00000000d9500000,0x00000000d9500000)
  from space 10752K, 77% used [0x00000000d9500000,0x00000000d9d24560,0x00000000d9f80000)
  to   space 12288K, 0% used [0x00000000dcc80000,0x00000000dcc80000,0x00000000dd880000)
 ParOldGen       total 91648K, used 7330K [0x0000000080000000, 0x0000000085980000, 0x00000000d5580000)
  object space 91648K, 7% used [0x0000000080000000,0x0000000080728910,0x0000000085980000)
 Metaspace       used 32759K, capacity 33814K, committed 34048K, reserved 1079296K
  class space    used 4475K, capacity 4755K, committed 4864K, reserved 1048576K
Event: 4.166 GC heap after
Heap after GC invocations=7 (full 1):
 PSYoungGen      total 118784K, used 9100K [0x00000000d5580000, 0x00000000dd700000, 0x0000000100000000)
  eden space 108032K, 0% used [0x00000000d5580000,0x00000000d5580000,0x00000000dbf00000)
  from space 10752K, 84% used [0x00000000dcc80000,0x00000000dd563240,0x00000000dd700000)
  to   space 12288K, 0% used [0x00000000dbf00000,0x00000000dbf00000,0x00000000dcb00000)
 ParOldGen       total 91648K, used 7338K [0x0000000080000000, 0x0000000085980000, 0x00000000d5580000)
  object space 91648K, 8% used [0x0000000080000000,0x000000008072a910,0x0000000085980000)
 Metaspace       used 32759K, capacity 33814K, committed 34048K, reserved 1079296K
  class space    used 4475K, capacity 4755K, committed 4864K, reserved 1048576K
}
Event: 4.384 GC heap before
{Heap before GC invocations=8 (full 1):
 PSYoungGen      total 118784K, used 37917K [0x00000000d5580000, 0x00000000dd700000, 0x0000000100000000)
  eden space 108032K, 26% used [0x00000000d5580000,0x00000000d71a4470,0x00000000dbf00000)
  from space 10752K, 84% used [0x00000000dcc80000,0x00000000dd563240,0x00000000dd700000)
  to   space 12288K, 0% used [0x00000000dbf00000,0x00000000dbf00000,0x00000000dcb00000)
 ParOldGen       total 91648K, used 7338K [0x0000000080000000, 0x0000000085980000, 0x00000000d5580000)
  object space 91648K, 8% used [0x0000000080000000,0x000000008072a910,0x0000000085980000)
 Metaspace       used 34218K, capacity 35398K, committed 35416K, reserved 1079296K
  class space    used 4709K, capacity 4974K, committed 4992K, reserved 1048576K
Event: 4.394 GC heap after
Heap after GC invocations=8 (full 1):
 PSYoungGen      total 120320K, used 8025K [0x00000000d5580000, 0x00000000e2180000, 0x0000000100000000)
  eden space 108032K, 0% used [0x00000000d5580000,0x00000000d5580000,0x00000000dbf00000)
  from space 12288K, 65% used [0x00000000dbf00000,0x00000000dc6d67e8,0x00000000dcb00000)
  to   space 11776K, 0% used [0x00000000e1600000,0x00000000e1600000,0x00000000e2180000)
 ParOldGen       total 91648K, used 7346K [0x0000000080000000, 0x0000000085980000, 0x00000000d5580000)
  object space 91648K, 8% used [0x0000000080000000,0x000000008072c910,0x0000000085980000)
 Metaspace       used 34218K, capacity 35398K, committed 35416K, reserved 1079296K
  class space    used 4709K, capacity 4974K, committed 4992K, reserved 1048576K
}
Event: 4.394 GC heap before
{Heap before GC invocations=9 (full 2):
 PSYoungGen      total 120320K, used 8025K [0x00000000d5580000, 0x00000000e2180000, 0x0000000100000000)
  eden space 108032K, 0% used [0x00000000d5580000,0x00000000d5580000,0x00000000dbf00000)
  from space 12288K, 65% used [0x00000000dbf00000,0x00000000dc6d67e8,0x00000000dcb00000)
  to   space 11776K, 0% used [0x00000000e1600000,0x00000000e1600000,0x00000000e2180000)
 ParOldGen       total 91648K, used 7346K [0x0000000080000000, 0x0000000085980000, 0x00000000d5580000)
  object space 91648K, 8% used [0x0000000080000000,0x000000008072c910,0x0000000085980000)
 Metaspace       used 34218K, capacity 35398K, committed 35416K, reserved 1079296K
  class space    used 4709K, capacity 4974K, committed 4992K, reserved 1048576K
Event: 4.446 GC heap after
Heap after GC invocations=9 (full 2):
 PSYoungGen      total 120320K, used 0K [0x00000000d5580000, 0x00000000e2180000, 0x0000000100000000)
  eden space 108032K, 0% used [0x00000000d5580000,0x00000000d5580000,0x00000000dbf00000)
  from space 12288K, 0% used [0x00000000dbf00000,0x00000000dbf00000,0x00000000dcb00000)
  to   space 11776K, 0% used [0x00000000e1600000,0x00000000e1600000,0x00000000e2180000)
 ParOldGen       total 137216K, used 14701K [0x0000000080000000, 0x0000000088600000, 0x00000000d5580000)
  object space 137216K, 10% used [0x0000000080000000,0x0000000080e5b7c0,0x0000000088600000)
 Metaspace       used 34218K, capacity 35398K, committed 35416K, reserved 1079296K
  class space    used 4709K, capacity 4974K, committed 4992K, reserved 1048576K
}
Event: 5.247 GC heap before
{Heap before GC invocations=10 (full 2):
 PSYoungGen      total 120320K, used 108032K [0x00000000d5580000, 0x00000000e2180000, 0x0000000100000000)
  eden space 108032K, 100% used [0x00000000d5580000,0x00000000dbf00000,0x00000000dbf00000)
  from space 12288K, 0% used [0x00000000dbf00000,0x00000000dbf00000,0x00000000dcb00000)
  to   space 11776K, 0% used [0x00000000e1600000,0x00000000e1600000,0x00000000e2180000)
 ParOldGen       total 137216K, used 14701K [0x0000000080000000, 0x0000000088600000, 0x00000000d5580000)
  object space 137216K, 10% used [0x0000000080000000,0x0000000080e5b7c0,0x0000000088600000)
 Metaspace       used 38263K, capacity 39972K, committed 40152K, reserved 1083392K
  class space    used 5277K, capacity 5622K, committed 5632K, reserved 1048576K
Event: 5.254 GC heap after
Heap after GC invocations=10 (full 2):
 PSYoungGen      total 169984K, used 8118K [0x00000000d5580000, 0x00000000e1e00000, 0x0000000100000000)
  eden space 161792K, 0% used [0x00000000d5580000,0x00000000d5580000,0x00000000df380000)
  from space 8192K, 99% used [0x00000000e1600000,0x00000000e1ded848,0x00000000e1e00000)
  to   space 11264K, 0% used [0x00000000e0800000,0x00000000e0800000,0x00000000e1300000)
 ParOldGen       total 137216K, used 14709K [0x0000000080000000, 0x0000000088600000, 0x00000000d5580000)
  object space 137216K, 10% used [0x0000000080000000,0x0000000080e5d7c0,0x0000000088600000)
 Metaspace       used 38263K, capacity 39972K, committed 40152K, reserved 1083392K
  class space    used 5277K, capacity 5622K, committed 5632K, reserved 1048576K
}
Event: 7.312 GC heap before
{Heap before GC invocations=11 (full 2):
 PSYoungGen      total 169984K, used 169910K [0x00000000d5580000, 0x00000000e1e00000, 0x0000000100000000)
  eden space 161792K, 100% used [0x00000000d5580000,0x00000000df380000,0x00000000df380000)
  from space 8192K, 99% used [0x00000000e1600000,0x00000000e1ded848,0x00000000e1e00000)
  to   space 11264K, 0% used [0x00000000e0800000,0x00000000e0800000,0x00000000e1300000)
 ParOldGen       total 137216K, used 14709K [0x0000000080000000, 0x0000000088600000, 0x00000000d5580000)
  object space 137216K, 10% used [0x0000000080000000,0x0000000080e5d7c0,0x0000000088600000)
 Metaspace       used 53395K, capacity 55616K, committed 55768K, reserved 1097728K
  class space    used 7218K, capacity 7656K, committed 7680K, reserved 1048576K

